  Creating config.h from winconfig.h
  Creating expat.h from expat.h.in
  xmlparse.c
xmlparse.c(1173): warning C4244: “初始化”: 从“__int64”转换到“int”，可能丢失数据
xmlparse.c(1175): warning C4244: “初始化”: 从“__int64”转换到“int”，可能丢失数据
xmlparse.c(1184): warning C4244: “初始化”: 从“__int64”转换到“int”，可能丢失数据
xmlparse.c(1197): warning C4244: “初始化”: 从“__int64”转换到“int”，可能丢失数据
xmlparse.c(1211): warning C4244: “初始化”: 从“__int64”转换到“int”，可能丢失数据
xmlparse.c(1245): warning C4244: “return”: 从“__int64”转换到“long”，可能丢失数据
xmlparse.c(1252): warning C4244: “return”: 从“__int64”转换到“int”，可能丢失数据
xmlparse.c(1260): warning C4244: “=”: 从“__int64”转换到“int”，可能丢失数据
xmlparse.c(1261): warning C4244: “=”: 从“__int64”转换到“int”，可能丢失数据
xmlparse.c(1652): warning C4244: “=”: 从“__int64”转换到“int”，可能丢失数据
xmlparse.c(1822): warning C4244: “函数”: 从“__int64”转换到“int”，可能丢失数据
xmlparse.c(1827): warning C4244: “函数”: 从“__int64”转换到“int”，可能丢失数据
xmlparse.c(1847): warning C4244: “函数”: 从“__int64”转换到“int”，可能丢失数据
xmlparse.c(1856): warning C4244: “函数”: 从“__int64”转换到“int”，可能丢失数据
xmlparse.c(2236): warning C4244: “函数”: 从“__int64”转换到“int”，可能丢失数据
xmlparse.c(2245): warning C4244: “函数”: 从“__int64”转换到“int”，可能丢失数据
xmlparse.c(2820): warning C4244: “=”: 从“__int64”转换到“int”，可能丢失数据
xmlparse.c(3204): warning C4244: “+=”: 从“__int64”转换到“unsigned int”，可能丢失数据
xmlparse.c(3702): warning C4244: “函数”: 从“__int64”转换到“int”，可能丢失数据
xmlparse.c(3707): warning C4244: “函数”: 从“__int64”转换到“int”，可能丢失数据
xmlparse.c(4491): warning C4244: “初始化”: 从“__int64”转换到“int”，可能丢失数据
xmlparse.c(4502): warning C4244: “初始化”: 从“__int64”转换到“int”，可能丢失数据
  xmlrole.c
  xmltok.c
f:\log4cxx\apr-util\xml\expat\lib\xmltok_impl.c(1707): warning C4244: “return”: 从“__int64”转换到“int”，可能丢失数据
f:\log4cxx\apr-util\xml\expat\lib\xmltok_impl.c(1707): warning C4244: “return”: 从“__int64”转换到“int”，可能丢失数据
f:\log4cxx\apr-util\xml\expat\lib\xmltok_impl.c(1707): warning C4244: “return”: 从“__int64”转换到“int”，可能丢失数据
  正在生成代码...
C:\Program Files (x86)\MSBuild\Microsoft.Cpp\v4.0\V140\Microsoft.CppBuild.targets(1357,5): warning MSB8012: TargetPath(F:\log4cxx\apache-log4cxx-0.10.0\projects\x64\Release\xml.lib) does not match the Library's OutputFile property value (F:\log4cxx\apr-util\xml\expat\lib\LibR\xml.lib). This may cause your project to build incorrectly. To correct this, please make sure that $(OutDir), $(TargetName) and $(TargetExt) property values match the value specified in %(Lib.OutputFile).
  xml.vcxproj -> F:\log4cxx\apache-log4cxx-0.10.0\projects\x64\Release\xml.lib
