f:\log4cxx\apr-util\libr\aprutil_src.pdb
f:\log4cxx\apr-util\libr\apr_dbd_pgsql.obj
f:\log4cxx\apr-util\libr\apr_dbd.obj
f:\log4cxx\apr-util\libr\uuid.obj
f:\log4cxx\apr-util\libr\getuuid.obj
f:\log4cxx\apr-util\libr\apr_sha1.obj
f:\log4cxx\apr-util\libr\apr_md5.obj
f:\log4cxx\apr-util\libr\apr_md4.obj
f:\log4cxx\apr-util\libr\apr_buckets_socket.obj
f:\log4cxx\apr-util\libr\apr_buckets_simple.obj
f:\log4cxx\apr-util\libr\apr_buckets_refcount.obj
f:\log4cxx\apr-util\libr\apr_buckets_pool.obj
f:\log4cxx\apr-util\libr\apr_buckets_pipe.obj
f:\log4cxx\apr-util\libr\apr_buckets_mmap.obj
f:\log4cxx\apr-util\libr\apr_buckets_heap.obj
f:\log4cxx\apr-util\libr\apr_buckets_flush.obj
f:\log4cxx\apr-util\libr\apr_buckets_file.obj
f:\log4cxx\apr-util\libr\apr_buckets_eos.obj
f:\log4cxx\apr-util\libr\apr_buckets_alloc.obj
f:\log4cxx\apr-util\libr\apr_buckets.obj
f:\log4cxx\apr-util\libr\apr_brigade.obj
f:\log4cxx\apr-util\libr\apu_version.obj
f:\log4cxx\apr-util\libr\apr_rmm.obj
f:\log4cxx\apr-util\libr\apr_reslist.obj
f:\log4cxx\apr-util\libr\apr_queue.obj
f:\log4cxx\apr-util\libr\apr_date.obj
f:\log4cxx\apr-util\libr\apr_ldap_url.obj
f:\log4cxx\apr-util\libr\apr_ldap_option.obj
f:\log4cxx\apr-util\libr\apr_ldap_init.obj
f:\log4cxx\apr-util\libr\apr_hooks.obj
f:\log4cxx\apr-util\libr\apr_base64.obj
f:\log4cxx\apr-util\libr\sdbm_pair.obj
f:\log4cxx\apr-util\libr\sdbm_lock.obj
f:\log4cxx\apr-util\libr\sdbm_hash.obj
f:\log4cxx\apr-util\libr\sdbm.obj
f:\log4cxx\apr-util\libr\apr_dbm_sdbm.obj
f:\log4cxx\apr-util\libr\apr_dbm_gdbm.obj
f:\log4cxx\apr-util\libr\apr_dbm_berkeleydb.obj
f:\log4cxx\apr-util\libr\apr_dbm.obj
f:\log4cxx\apr-util\libr\apr_dbd_sqlite3.obj
f:\log4cxx\apr-util\libr\apr_dbd_sqlite2.obj
f:\log4cxx\apr-util\libr\apr_xml.obj
f:\log4cxx\apr-util\libr\xlate.obj
f:\log4cxx\apr-util\libr\apr_uri.obj
f:\log4cxx\apr-util\libr\apr_strmatch.obj
f:\log4cxx\apr-util\libr\aprutil_src
f:\log4cxx\apr-util\include\apr_ldap.h
f:\log4cxx\apr-util\include\apu.h
f:\log4cxx\apr-util\include\apu_want.h
f:\log4cxx\apr-util\include\private\apu_config.h
f:\log4cxx\apr-util\include\private\apu_select_dbm.h
f:\log4cxx\apr-util\libr\aprutil-1.lib
f:\log4cxx\apr-util\x64\release\aprutil.tlog\cl.command.1.tlog
f:\log4cxx\apr-util\x64\release\aprutil.tlog\cl.read.1.tlog
f:\log4cxx\apr-util\x64\release\aprutil.tlog\cl.write.1.tlog
f:\log4cxx\apr-util\x64\release\aprutil.tlog\custombuild.command.1.tlog
f:\log4cxx\apr-util\x64\release\aprutil.tlog\custombuild.read.1.tlog
f:\log4cxx\apr-util\x64\release\aprutil.tlog\custombuild.write.1.tlog
f:\log4cxx\apr-util\x64\release\aprutil.tlog\lib-link.read.1.tlog
f:\log4cxx\apr-util\x64\release\aprutil.tlog\lib-link.write.1.tlog
f:\log4cxx\apr-util\x64\release\aprutil.tlog\lib.command.1.tlog
