  Creating apr_ldap.h from apr_ldap.hw
  Creating apu.h from apu.hw
  Creating apu_want.h from apu_want.hw
  Creating apu_config.h from apu_config.hw
  Creating apu_select_dbm.h from apu_select_dbm.hw
  apr_brigade.c
buckets\apr_brigade.c(126): warning C4018: “<”: 有符号/无符号不匹配
buckets\apr_brigade.c(147): warning C4018: “<”: 有符号/无符号不匹配
buckets\apr_brigade.c(345): warning C4244: “=”: 从“__int64”转换到“int”，可能丢失数据
  apr_buckets.c
  apr_buckets_alloc.c
  apr_buckets_eos.c
  apr_buckets_file.c
  apr_buckets_flush.c
  apr_buckets_heap.c
  apr_buckets_mmap.c
  apr_buckets_pipe.c
  apr_buckets_pool.c
  apr_buckets_refcount.c
  apr_buckets_simple.c
  apr_buckets_socket.c
  apr_md4.c
  apr_md5.c
crypto\apr_md5.c(689): warning C4267: “函数”: 从“size_t”转换到“int”，可能丢失数据
  apr_sha1.c
  getuuid.c
  uuid.c
  apr_dbd.c
  apr_dbd_pgsql.c
  正在生成代码...
  正在编译...
  apr_dbd_sqlite2.c
  apr_dbd_sqlite3.c
  apr_dbm.c
  apr_dbm_berkeleydb.c
  apr_dbm_gdbm.c
  apr_dbm_sdbm.c
dbm\apr_dbm_sdbm.c(142): warning C4267: “=”: 从“size_t”转换到“int”，可能丢失数据
dbm\apr_dbm_sdbm.c(160): warning C4267: “=”: 从“size_t”转换到“int”，可能丢失数据
dbm\apr_dbm_sdbm.c(161): warning C4267: “=”: 从“size_t”转换到“int”，可能丢失数据
dbm\apr_dbm_sdbm.c(173): warning C4267: “=”: 从“size_t”转换到“int”，可能丢失数据
dbm\apr_dbm_sdbm.c(185): warning C4267: “=”: 从“size_t”转换到“int”，可能丢失数据
dbm\apr_dbm_sdbm.c(219): warning C4267: “=”: 从“size_t”转换到“int”，可能丢失数据
  sdbm.c
  sdbm_hash.c
  sdbm_lock.c
  sdbm_pair.c
dbm\sdbm\sdbm_pair.c(186): warning C4244: “初始化”: 从“__int64”转换到“int”，可能丢失数据
  apr_base64.c
encoding\apr_base64.c(119): warning C4244: “=”: 从“__int64”转换到“int”，可能丢失数据
encoding\apr_base64.c(155): warning C4244: “=”: 从“__int64”转换到“int”，可能丢失数据
encoding\apr_base64.c(267): warning C4244: “return”: 从“__int64”转换到“int”，可能丢失数据
  apr_hooks.c
  apr_ldap_init.c
  apr_ldap_option.c
  apr_ldap_url.c
  apr_date.c
  apr_queue.c
  apr_reslist.c
  apr_rmm.c
  apu_version.c
  正在生成代码...
  正在编译...
  apr_strmatch.c
strmatch\apr_strmatch.c(101): warning C4267: “=”: 从“size_t”转换到“int”，可能丢失数据
strmatch\apr_strmatch.c(106): warning C4267: “=”: 从“size_t”转换到“int”，可能丢失数据
strmatch\apr_strmatch.c(112): warning C4267: “=”: 从“size_t”转换到“int”，可能丢失数据
  apr_uri.c
  xlate.c
  apr_xml.c
xml\apr_xml.c(386): warning C4267: “函数”: 从“size_t”转换到“int”，可能丢失数据
  正在生成代码...
C:\Program Files (x86)\MSBuild\Microsoft.Cpp\v4.0\V140\Microsoft.CppBuild.targets(1357,5): warning MSB8012: TargetPath(F:\log4cxx\apache-log4cxx-0.10.0\projects\x64\Release\aprutil.lib) does not match the Library's OutputFile property value (F:\log4cxx\apr-util\LibR\aprutil-1.lib). This may cause your project to build incorrectly. To correct this, please make sure that $(OutDir), $(TargetName) and $(TargetExt) property values match the value specified in %(Lib.OutputFile).
C:\Program Files (x86)\MSBuild\Microsoft.Cpp\v4.0\V140\Microsoft.CppBuild.targets(1359,5): warning MSB8012: TargetName(aprutil) does not match the Library's OutputFile property value (aprutil-1). This may cause your project to build incorrectly. To correct this, please make sure that $(OutDir), $(TargetName) and $(TargetExt) property values match the value specified in %(Lib.OutputFile).
  aprutil.vcxproj -> F:\log4cxx\apache-log4cxx-0.10.0\projects\x64\Release\aprutil.lib
