f:\log4cxx\apr\libr\apr_src.pdb
f:\log4cxx\apr\libr\thread_cond.obj
f:\log4cxx\apr\libr\proc_mutex.obj
f:\log4cxx\apr\libr\seek.obj
f:\log4cxx\apr\libr\readwrite.obj
f:\log4cxx\apr\libr\pipe.obj
f:\log4cxx\apr\libr\open.obj
f:\log4cxx\apr\libr\flock.obj
f:\log4cxx\apr\libr\filesys.obj
f:\log4cxx\apr\libr\filestat.obj
f:\log4cxx\apr\libr\filepath.obj
f:\log4cxx\apr\libr\filedup.obj
f:\log4cxx\apr\libr\dir.obj
f:\log4cxx\apr\libr\tempdir.obj
f:\log4cxx\apr\libr\mktemp.obj
f:\log4cxx\apr\libr\fullrw.obj
f:\log4cxx\apr\libr\filepath_util.obj
f:\log4cxx\apr\libr\fileacc.obj
f:\log4cxx\apr\libr\copy.obj
f:\log4cxx\apr\libr\dso.obj
f:\log4cxx\apr\libr\apr_atomic.obj
f:\log4cxx\apr\libr\sockaddr.obj
f:\log4cxx\apr\libr\multicast.obj
f:\log4cxx\apr\libr\inet_pton.obj
f:\log4cxx\apr\libr\inet_ntop.obj
f:\log4cxx\apr\libr\mmap.obj
f:\log4cxx\apr\libr\common.obj
f:\log4cxx\apr\libr\utf8.obj
f:\log4cxx\apr\libr\start.obj
f:\log4cxx\apr\libr\rand.obj
f:\log4cxx\apr\libr\misc.obj
f:\log4cxx\apr\libr\internal.obj
f:\log4cxx\apr\libr\env.obj
f:\log4cxx\apr\libr\charset.obj
f:\log4cxx\apr\libr\version.obj
f:\log4cxx\apr\libr\otherchild.obj
f:\log4cxx\apr\libr\getopt.obj
f:\log4cxx\apr\libr\errorcodes.obj
f:\log4cxx\apr\libr\apr_pools.obj
f:\log4cxx\apr\libr\thread_rwlock.obj
f:\log4cxx\apr\libr\thread_mutex.obj
f:\log4cxx\apr\libr\thread.obj
f:\log4cxx\apr\libr\signals.obj
f:\log4cxx\apr\libr\proc.obj
f:\log4cxx\apr\libr\apr_tables.obj
f:\log4cxx\apr\libr\apr_hash.obj
f:\log4cxx\apr\libr\apr_strtok.obj
f:\log4cxx\apr\libr\apr_strnatcmp.obj
f:\log4cxx\apr\libr\apr_strings.obj
f:\log4cxx\apr\libr\apr_snprintf.obj
f:\log4cxx\apr\libr\apr_fnmatch.obj
f:\log4cxx\apr\libr\apr_cpystrn.obj
f:\log4cxx\apr\libr\shm.obj
f:\log4cxx\apr\libr\sha2_glue.obj
f:\log4cxx\apr\libr\sha2.obj
f:\log4cxx\apr\libr\apr_random.obj
f:\log4cxx\apr\libr\select.obj
f:\log4cxx\apr\libr\apr_getpass.obj
f:\log4cxx\apr\libr\sockopt.obj
f:\log4cxx\apr\libr\sockets.obj
f:\log4cxx\apr\libr\sendrecv.obj
f:\log4cxx\apr\libr\userinfo.obj
f:\log4cxx\apr\libr\groupinfo.obj
f:\log4cxx\apr\libr\timestr.obj
f:\log4cxx\apr\libr\time.obj
f:\log4cxx\apr\libr\access.obj
f:\log4cxx\apr\libr\threadpriv.obj
f:\log4cxx\apr\libr\apr_src
f:\log4cxx\apr\include\apr.h
f:\log4cxx\apr\libr\apr-1.lib
f:\log4cxx\apr\x64\release\apr.tlog\cl.command.1.tlog
f:\log4cxx\apr\x64\release\apr.tlog\cl.read.1.tlog
f:\log4cxx\apr\x64\release\apr.tlog\cl.write.1.tlog
f:\log4cxx\apr\x64\release\apr.tlog\custombuild.command.1.tlog
f:\log4cxx\apr\x64\release\apr.tlog\custombuild.read.1.tlog
f:\log4cxx\apr\x64\release\apr.tlog\custombuild.write.1.tlog
f:\log4cxx\apr\x64\release\apr.tlog\lib-link.read.1.tlog
f:\log4cxx\apr\x64\release\apr.tlog\lib-link.write.1.tlog
f:\log4cxx\apr\x64\release\apr.tlog\lib.command.1.tlog
