f:\log4cxx\apr\libd\apr_src.pdb
f:\log4cxx\apr\libd\thread_cond.obj
f:\log4cxx\apr\libd\proc_mutex.obj
f:\log4cxx\apr\libd\seek.obj
f:\log4cxx\apr\libd\readwrite.obj
f:\log4cxx\apr\libd\pipe.obj
f:\log4cxx\apr\libd\open.obj
f:\log4cxx\apr\libd\flock.obj
f:\log4cxx\apr\libd\filesys.obj
f:\log4cxx\apr\libd\filestat.obj
f:\log4cxx\apr\libd\filepath.obj
f:\log4cxx\apr\libd\filedup.obj
f:\log4cxx\apr\libd\dir.obj
f:\log4cxx\apr\libd\tempdir.obj
f:\log4cxx\apr\libd\mktemp.obj
f:\log4cxx\apr\libd\fullrw.obj
f:\log4cxx\apr\libd\filepath_util.obj
f:\log4cxx\apr\libd\fileacc.obj
f:\log4cxx\apr\libd\copy.obj
f:\log4cxx\apr\libd\dso.obj
f:\log4cxx\apr\libd\apr_atomic.obj
f:\log4cxx\apr\libd\sockaddr.obj
f:\log4cxx\apr\libd\multicast.obj
f:\log4cxx\apr\libd\inet_pton.obj
f:\log4cxx\apr\libd\inet_ntop.obj
f:\log4cxx\apr\libd\mmap.obj
f:\log4cxx\apr\libd\common.obj
f:\log4cxx\apr\libd\utf8.obj
f:\log4cxx\apr\libd\start.obj
f:\log4cxx\apr\libd\rand.obj
f:\log4cxx\apr\libd\misc.obj
f:\log4cxx\apr\libd\internal.obj
f:\log4cxx\apr\libd\env.obj
f:\log4cxx\apr\libd\charset.obj
f:\log4cxx\apr\libd\version.obj
f:\log4cxx\apr\libd\otherchild.obj
f:\log4cxx\apr\libd\getopt.obj
f:\log4cxx\apr\libd\errorcodes.obj
f:\log4cxx\apr\libd\apr_pools.obj
f:\log4cxx\apr\libd\thread_rwlock.obj
f:\log4cxx\apr\libd\thread_mutex.obj
f:\log4cxx\apr\libd\thread.obj
f:\log4cxx\apr\libd\signals.obj
f:\log4cxx\apr\libd\proc.obj
f:\log4cxx\apr\libd\apr_tables.obj
f:\log4cxx\apr\libd\apr_hash.obj
f:\log4cxx\apr\libd\apr_strtok.obj
f:\log4cxx\apr\libd\apr_strnatcmp.obj
f:\log4cxx\apr\libd\apr_strings.obj
f:\log4cxx\apr\libd\apr_snprintf.obj
f:\log4cxx\apr\libd\apr_fnmatch.obj
f:\log4cxx\apr\libd\apr_cpystrn.obj
f:\log4cxx\apr\libd\shm.obj
f:\log4cxx\apr\libd\sha2_glue.obj
f:\log4cxx\apr\libd\sha2.obj
f:\log4cxx\apr\libd\apr_random.obj
f:\log4cxx\apr\libd\select.obj
f:\log4cxx\apr\libd\apr_getpass.obj
f:\log4cxx\apr\libd\sockopt.obj
f:\log4cxx\apr\libd\sockets.obj
f:\log4cxx\apr\libd\sendrecv.obj
f:\log4cxx\apr\libd\userinfo.obj
f:\log4cxx\apr\libd\groupinfo.obj
f:\log4cxx\apr\libd\timestr.obj
f:\log4cxx\apr\libd\time.obj
f:\log4cxx\apr\libd\access.obj
f:\log4cxx\apr\libd\threadpriv.obj
f:\log4cxx\apr\libd\apr_src
f:\log4cxx\apr\include\apr.h
f:\log4cxx\apr\libd\apr-1.lib
f:\log4cxx\apr\libd\apr.tlog\cl.command.1.tlog
f:\log4cxx\apr\libd\apr.tlog\cl.read.1.tlog
f:\log4cxx\apr\libd\apr.tlog\cl.write.1.tlog
f:\log4cxx\apr\libd\apr.tlog\custombuild.command.1.tlog
f:\log4cxx\apr\libd\apr.tlog\custombuild.read.1.tlog
f:\log4cxx\apr\libd\apr.tlog\custombuild.write.1.tlog
f:\log4cxx\apr\libd\apr.tlog\lib-link.read.1.tlog
f:\log4cxx\apr\libd\apr.tlog\lib-link.write.1.tlog
f:\log4cxx\apr\libd\apr.tlog\lib.command.1.tlog
