  Creating apr.h from apr.hw
  apr_atomic.c
  dso.c
  copy.c
  fileacc.c
  filepath_util.c
  fullrw.c
  mktemp.c
  tempdir.c
  dir.c
  filedup.c
  filepath.c
  filestat.c
  filesys.c
  flock.c
  open.c
  pipe.c
  readwrite.c
  seek.c
  proc_mutex.c
  thread_cond.c
  正在生成代码...
  正在编译...
  thread_mutex.c
  thread_rwlock.c
  apr_pools.c
  errorcodes.c
  getopt.c
  otherchild.c
  version.c
  charset.c
  env.c
  internal.c
  misc.c
misc\win32\misc.c(236): warning C4477: “sprintf”: 格式字符串“%08x”需要类型“unsigned int”的参数，但可变参数 1 拥有了类型“DWORD *”
  rand.c
  start.c
  utf8.c
  common.c
  mmap.c
  inet_ntop.c
  inet_pton.c
  multicast.c
  sockaddr.c
  正在生成代码...
  正在编译...
  sendrecv.c
  sockets.c
  sockopt.c
  apr_getpass.c
  select.c
  apr_random.c
  sha2.c
  sha2_glue.c
  shm.c
  apr_cpystrn.c
  apr_fnmatch.c
  apr_snprintf.c
  apr_strings.c
  apr_strnatcmp.c
  apr_strtok.c
  apr_hash.c
  apr_tables.c
  proc.c
  signals.c
  thread.c
  正在生成代码...
  正在编译...
  threadpriv.c
  access.c
  time.c
  timestr.c
  groupinfo.c
  userinfo.c
  正在生成代码...
C:\Program Files (x86)\MSBuild\Microsoft.Cpp\v4.0\V140\Microsoft.CppBuild.targets(1357,5): warning MSB8012: TargetPath(F:\log4cxx\apr\.\LibD\apr.lib) does not match the Library's OutputFile property value (F:\log4cxx\apr\LibD\apr-1.lib). This may cause your project to build incorrectly. To correct this, please make sure that $(OutDir), $(TargetName) and $(TargetExt) property values match the value specified in %(Lib.OutputFile).
C:\Program Files (x86)\MSBuild\Microsoft.Cpp\v4.0\V140\Microsoft.CppBuild.targets(1359,5): warning MSB8012: TargetName(apr) does not match the Library's OutputFile property value (apr-1). This may cause your project to build incorrectly. To correct this, please make sure that $(OutDir), $(TargetName) and $(TargetExt) property values match the value specified in %(Lib.OutputFile).
  apr.vcxproj -> F:\log4cxx\apr\.\LibD\apr.lib
