  Creating apr.h from apr.hw
  apr_atomic.c
atomic\win32\apr_atomic.c(109): warning C4090: “函数”: 不同的“volatile”限定符
atomic\win32\apr_atomic.c(109): warning C4090: “函数”: 不同的“const”限定符
  dso.c
  copy.c
  fileacc.c
  filepath_util.c
  fullrw.c
  mktemp.c
  tempdir.c
  dir.c
  filedup.c
  filepath.c
  filestat.c
  filesys.c
  flock.c
  open.c
  pipe.c
  readwrite.c
  seek.c
  proc_mutex.c
  thread_cond.c
  正在生成代码...
  正在编译...
  thread_mutex.c
  thread_rwlock.c
  apr_pools.c
  errorcodes.c
  getopt.c
  otherchild.c
  version.c
  charset.c
  env.c
  internal.c
  misc.c
misc\win32\misc.c(169): warning C4312: “类型转换”: 从“int”转换到更大的“char *”
misc\win32\misc.c(210): warning C4311: “类型转换”: 从“HANDLE”到“DWORD”的指针截断
misc\win32\misc.c(223): warning C4311: “类型转换”: 从“HANDLE”到“DWORD”的指针截断
misc\win32\misc.c(224): warning C4311: “类型转换”: 从“HANDLE”到“DWORD”的指针截断
misc\win32\misc.c(225): warning C4311: “类型转换”: 从“HANDLE”到“DWORD”的指针截断
misc\win32\misc.c(227): warning C4311: “类型转换”: 从“HANDLE”到“DWORD”的指针截断
misc\win32\misc.c(228): warning C4311: “类型转换”: 从“HANDLE”到“DWORD”的指针截断
misc\win32\misc.c(229): warning C4311: “类型转换”: 从“HANDLE”到“DWORD”的指针截断
misc\win32\misc.c(232): warning C4311: “类型转换”: 从“HANDLE”到“DWORD”的指针截断
misc\win32\misc.c(236): warning C4477: “sprintf”: 格式字符串“%08x”需要类型“unsigned int”的参数，但可变参数 1 拥有了类型“DWORD *”
misc\win32\misc.c(236): warning C4313: “sprintf”: 格式字符串中的“%x”与“DWORD *”类型的参数 1 冲突
  rand.c
  start.c
  utf8.c
  common.c
mmap\unix\common.c(36): warning C4018: “>”: 有符号/无符号不匹配
  mmap.c
  inet_ntop.c
  inet_pton.c
  multicast.c
  sockaddr.c
  正在生成代码...
  正在编译...
  sendrecv.c
  sockets.c
  sockopt.c
  apr_getpass.c
  select.c
  apr_random.c
random\unix\apr_random.c(224): warning C4267: “+=”: 从“size_t”转换到“unsigned int”，可能丢失数据
random\unix\apr_random.c(255): warning C4267: “=”: 从“size_t”转换到“int”，可能丢失数据
  sha2.c
  sha2_glue.c
  shm.c
  apr_cpystrn.c
  apr_fnmatch.c
  apr_snprintf.c
strings\apr_snprintf.c(1032): warning C4267: “函数”: 从“size_t”转换到“int”，可能丢失数据
strings\apr_snprintf.c(1053): warning C4267: “函数”: 从“size_t”转换到“int”，可能丢失数据
strings\apr_snprintf.c(1122): warning C4311: “类型转换”: 从“void *”到“u_wide_int”的指针截断
  apr_strings.c
  apr_strnatcmp.c
  apr_strtok.c
  apr_hash.c
  apr_tables.c
  proc.c
  signals.c
  thread.c
threadproc\win32\thread.c(111): warning C4267: “函数”: 从“size_t”转换到“unsigned int”，可能丢失数据
  正在生成代码...
  正在编译...
  threadpriv.c
  access.c
  time.c
time\win32\time.c(317): warning C4311: “类型转换”: 从“void *”到“ULONG”的指针截断
  timestr.c
  groupinfo.c
  userinfo.c
  正在生成代码...
C:\Program Files (x86)\MSBuild\Microsoft.Cpp\v4.0\V140\Microsoft.CppBuild.targets(1357,5): warning MSB8012: TargetPath(F:\log4cxx\apache-log4cxx-0.10.0\projects\x64\Debug\apr.lib) does not match the Library's OutputFile property value (F:\log4cxx\apr\LibD\apr-1.lib). This may cause your project to build incorrectly. To correct this, please make sure that $(OutDir), $(TargetName) and $(TargetExt) property values match the value specified in %(Lib.OutputFile).
C:\Program Files (x86)\MSBuild\Microsoft.Cpp\v4.0\V140\Microsoft.CppBuild.targets(1359,5): warning MSB8012: TargetName(apr) does not match the Library's OutputFile property value (apr-1). This may cause your project to build incorrectly. To correct this, please make sure that $(OutDir), $(TargetName) and $(TargetExt) property values match the value specified in %(Lib.OutputFile).
  apr.vcxproj -> F:\log4cxx\apache-log4cxx-0.10.0\projects\x64\Debug\apr.lib
